C:\lscc\radiant\2023.1\synpbase\bin64\c_vhdl.exe  -osyn  Z:\es4\Final-20241122T182447Z-001\Final\impl_1\rev_43\synwork\arrows_pkg_hdl_.srs  -top  top  -prodtype  synplify_pro  -primux -fixsmult -infer_seqShift -sdff_counter -nram -divnmod -nostructver  -lattice -ice  -encrypt  -pro  -dmgen  Z:\es4\Final-20241122T182447Z-001\Final\impl_1\rev_43\dm  -lite -ui -fid2 -ram -sharing on -ll 2000 -autosm  -vhdl2008 -work_is_curlib 0  -ignore_undefined_lib  -lib pmi C:\lscc\radiant\2023.1\ip\pmi\pmi_iCE40UP.vhd -lib work Z:\es4\Final-20241122T182447Z-001\Final\source\impl_1\top.vhd -lib work Z:\es4\Final-20241122T182447Z-001\Final\source\impl_1\NES_controller.vhd -lib work Z:\es4\Final-20241122T182447Z-001\Final\source\impl_1\vga.vhd -lib work Z:\es4\Final-20241122T182447Z-001\Final\source\impl_1\pattern_gen.vhd -lib work Z:\es4\Final-20241122T182447Z-001\Final\source\impl_1\up_arrow_rom.vhd -lib work Z:\es4\Final-20241122T182447Z-001\Final\source\impl_1\right_arrow_rom.vhd -lib work Z:\es4\Final-20241122T182447Z-001\Final\source\impl_1\left_arrow_rom.vhd -lib work Z:\es4\Final-20241122T182447Z-001\Final\source\impl_1\down_arrow_rom.vhd -lib work Z:\es4\Final-20241122T182447Z-001\Final\source\impl_1\arrow_selector.vhd -lib work Z:\es4\Final-20241122T182447Z-001\Final\source\impl_1\randomizer.vhd -lib work Z:\es4\Final-20241122T182447Z-001\Final\source\impl_1\pattern_gen_helper.vhd -lib work Z:\es4\Final-20241122T182447Z-001\Final\source\impl_1\pattern_gen_helper2.vhd -lib work Z:\es4\Final-20241122T182447Z-001\Final\source\impl_1\blue_heart_rom.vhd -lib work Z:\es4\Final-20241122T182447Z-001\Final\source\impl_1\red_heart_rom.vhd -lib work Z:\es4\Final-20241122T182447Z-001\Final\source\impl_1\blank_heart_rom.vhd -lib work Z:\es4\Final-20241122T182447Z-001\Final\source\impl_1\right_blank_rom.vhd -lib work Z:\es4\Final-20241122T182447Z-001\Final\source\impl_1\up_blank_rom.vhd -lib work Z:\es4\Final-20241122T182447Z-001\Final\source\impl_1\down_blank_rom.vhd -lib work Z:\es4\Final-20241122T182447Z-001\Final\source\impl_1\left_blank_rom.vhd -lib work Z:\es4\Final-20241122T182447Z-001\Final\source\impl_1\start_screen_rom.vhd -lib work Z:\es4\Final-20241122T182447Z-001\Final\source\impl_1\blank_helper.vhd -lib work Z:\es4\Final-20241122T182447Z-001\Final\source\impl_1\Blank_Arrow_Selector.vhd -lib work Z:\es4\Final-20241122T182447Z-001\Final\source\impl_1\game.vhd -lib work Z:\es4\Final-20241122T182447Z-001\Final\source\impl_1\arrows_pkg.vhd  -log  Z:\es4\Final-20241122T182447Z-001\Final\impl_1\rev_43\syntax.log  -fileorder  Z:\es4\Final-20241122T182447Z-001\Final\impl_1\rev_43\syntmp\hdlorder.tcl  -jobname  "hdl_info_gen" 
relcom:C:\lscc\radiant\2023.1\synpbase\bin64\c_vhdl.exe -osyn ..\synwork\arrows_pkg_hdl_.srs -top top -prodtype synplify_pro -primux -fixsmult -infer_seqShift -sdff_counter -nram -divnmod -nostructver -lattice -ice -encrypt -pro -dmgen ..\dm -lite -ui -fid2 -ram -sharing on -ll 2000 -autosm -vhdl2008 -work_is_curlib 0 -ignore_undefined_lib -lib pmi C:\lscc\radiant\2023.1\ip\pmi\pmi_iCE40UP.vhd -lib work ..\..\..\source\impl_1\top.vhd -lib work ..\..\..\source\impl_1\NES_controller.vhd -lib work ..\..\..\source\impl_1\vga.vhd -lib work ..\..\..\source\impl_1\pattern_gen.vhd -lib work ..\..\..\source\impl_1\up_arrow_rom.vhd -lib work ..\..\..\source\impl_1\right_arrow_rom.vhd -lib work ..\..\..\source\impl_1\left_arrow_rom.vhd -lib work ..\..\..\source\impl_1\down_arrow_rom.vhd -lib work ..\..\..\source\impl_1\arrow_selector.vhd -lib work ..\..\..\source\impl_1\randomizer.vhd -lib work ..\..\..\source\impl_1\pattern_gen_helper.vhd -lib work ..\..\..\source\impl_1\pattern_gen_helper2.vhd -lib work ..\..\..\source\impl_1\blue_heart_rom.vhd -lib work ..\..\..\source\impl_1\red_heart_rom.vhd -lib work ..\..\..\source\impl_1\blank_heart_rom.vhd -lib work ..\..\..\source\impl_1\right_blank_rom.vhd -lib work ..\..\..\source\impl_1\up_blank_rom.vhd -lib work ..\..\..\source\impl_1\down_blank_rom.vhd -lib work ..\..\..\source\impl_1\left_blank_rom.vhd -lib work ..\..\..\source\impl_1\start_screen_rom.vhd -lib work ..\..\..\source\impl_1\blank_helper.vhd -lib work ..\..\..\source\impl_1\Blank_Arrow_Selector.vhd -lib work ..\..\..\source\impl_1\game.vhd -lib work ..\..\..\source\impl_1\arrows_pkg.vhd -log ..\syntax.log -fileorder hdlorder.tcl -jobname "hdl_info_gen"
rc:0 success:1 runtime:0
file:..\synwork\arrows_pkg_hdl_.srs|io:o|time:0|size:-1|exec:0|csum:
file:c:\lscc\radiant\2023.1\ip\pmi\pmi_ice40up.vhd|io:i|time:1648538958|size:17231|exec:0|csum:B4484439D4F130E2494777ACC3084671
file:..\..\..\source\impl_1\top.vhd|io:i|time:1733700096|size:4163|exec:0|csum:72ABCF3694139C16BDB960D6FC40ADA2
file:..\..\..\source\impl_1\nes_controller.vhd|io:i|time:1732579564|size:1914|exec:0|csum:DE1535AC2D824377928286A807A963B7
file:..\..\..\source\impl_1\vga.vhd|io:i|time:1733457169|size:1767|exec:0|csum:B5D7DF7D561F0525594CB1F95BDE98FF
file:..\..\..\source\impl_1\pattern_gen.vhd|io:i|time:1733698717|size:7454|exec:0|csum:629B289F0C0A1AF0BB04FD18C498E4D9
file:..\..\..\source\impl_1\up_arrow_rom.vhd|io:i|time:1733274973|size:13301|exec:0|csum:0680E0A84FE0A531F6AC648198F093C2
file:..\..\..\source\impl_1\right_arrow_rom.vhd|io:i|time:1733275409|size:13310|exec:0|csum:37CFCFC9BE8222BD6003AD923550E51D
file:..\..\..\source\impl_1\left_arrow_rom.vhd|io:i|time:1733275394|size:13307|exec:0|csum:0C87F97782E45425926AFF105C18A25A
file:..\..\..\source\impl_1\down_arrow_rom.vhd|io:i|time:1733275287|size:13307|exec:0|csum:914581337DC95674157E378742418C13
file:..\..\..\source\impl_1\arrow_selector.vhd|io:i|time:1733277405|size:2985|exec:0|csum:B094973CF1AA097FDE8F5820818A9371
file:..\..\..\source\impl_1\randomizer.vhd|io:i|time:1733521300|size:1379|exec:0|csum:61426DCB0E8650437DE375B77F1B804B
file:..\..\..\source\impl_1\pattern_gen_helper.vhd|io:i|time:1733612664|size:1471|exec:0|csum:3B6AF749DB35CEEC69BF51C3053EC1EA
file:..\..\..\source\impl_1\pattern_gen_helper2.vhd|io:i|time:1733611784|size:1480|exec:0|csum:F19B3C8C7CD548C3410B5B11FFD77BF4
file:..\..\..\source\impl_1\blue_heart_rom.vhd|io:i|time:1733610532|size:13307|exec:0|csum:20A1F3917ED9C8C9F621CCF0E1C609D2
file:..\..\..\source\impl_1\red_heart_rom.vhd|io:i|time:1733610532|size:13304|exec:0|csum:CF76D4E94787A61A9CA3717C09563943
file:..\..\..\source\impl_1\blank_heart_rom.vhd|io:i|time:1733610532|size:13310|exec:0|csum:9297A4FCECD6853C98DB6C86A54AB0B6
file:..\..\..\source\impl_1\right_blank_rom.vhd|io:i|time:1733610532|size:13310|exec:0|csum:B39EE270B66C05E6D0DB48118FC17A65
file:..\..\..\source\impl_1\up_blank_rom.vhd|io:i|time:1733610532|size:13301|exec:0|csum:00EC361D67A52762D254B5DB628722A0
file:..\..\..\source\impl_1\down_blank_rom.vhd|io:i|time:1733610532|size:13307|exec:0|csum:DB69F7E01BB5B5DFAD21821207AFEA84
file:..\..\..\source\impl_1\left_blank_rom.vhd|io:i|time:1733610532|size:13307|exec:0|csum:06564C5DF2CDA52C6D475FC40B7BFDC2
file:..\..\..\source\impl_1\start_screen_rom.vhd|io:i|time:1733610533|size:115203|exec:0|csum:9D08D03D26F86B4FBA6CA6F77B899E8F
file:..\..\..\source\impl_1\blank_helper.vhd|io:i|time:1733697275|size:1491|exec:0|csum:7D6282DDEAB8F50B78A565FFAA428E97
file:..\..\..\source\impl_1\blank_arrow_selector.vhd|io:i|time:1733614302|size:3098|exec:0|csum:9AEF63300FE7F5CA3EB1C3A54DBABBF2
file:..\..\..\source\impl_1\game.vhd|io:i|time:1733700986|size:5771|exec:0|csum:44567B047A6EF53314EA3A89E65A6FAE
file:..\..\..\source\impl_1\arrows_pkg.vhd|io:i|time:1733688489|size:281|exec:0|csum:8C23B33B977941C1A84FD521A13DDD5C
file:..\syntax.log|io:o|time:1733701258|size:4296|exec:0|csum:
file:c:\lscc\radiant\2023.1\synpbase\bin64\c_vhdl.exe|io:i|time:1685564424|size:7713280|exec:1|csum:CCBEADDCADA44EFDE103B3F3A3FCDB10
