C:\lscc\radiant\2023.1\synpbase\bin64\c_hdl.exe  -osyn  Z:\es4\Final-20241122T182447Z-001\Final\impl_1\synwork\Final_impl_1_comp.srs  -top  top  -hdllog  Z:\es4\Final-20241122T182447Z-001\Final\impl_1\synlog\Final_impl_1_compiler.srr  -encrypt  -mp  4  -verification_mode 0  -vhdl  -prodtype  synplify_pro  -primux -fixsmult -infer_seqShift -sdff_counter -nram -divnmod -nostructver  -lattice -ice  -encrypt  -pro  -dmgen  Z:\es4\Final-20241122T182447Z-001\Final\impl_1\dm  -lite -ui -fid2 -ram -sharing on -ll 2000 -autosm  -vhdl2008 -work_is_curlib 0  -ignore_undefined_lib  -lib pmi C:\lscc\radiant\2023.1\ip\pmi\pmi_iCE40UP.vhd -lib work Z:\es4\Final-20241122T182447Z-001\Final\source\impl_1\NES_controller.vhd -lib work Z:\es4\Final-20241122T182447Z-001\Final\source\impl_1\vga.vhd -lib work Z:\es4\Final-20241122T182447Z-001\Final\source\impl_1\up_arrow_rom.vhd -lib work Z:\es4\Final-20241122T182447Z-001\Final\source\impl_1\right_arrow_rom.vhd -lib work Z:\es4\Final-20241122T182447Z-001\Final\source\impl_1\left_arrow_rom.vhd -lib work Z:\es4\Final-20241122T182447Z-001\Final\source\impl_1\down_arrow_rom.vhd -lib work Z:\es4\Final-20241122T182447Z-001\Final\source\impl_1\randomizer.vhd -lib work Z:\es4\Final-20241122T182447Z-001\Final\source\impl_1\pattern_gen_helper.vhd -lib work Z:\es4\Final-20241122T182447Z-001\Final\source\impl_1\pattern_gen_helper2.vhd -lib work Z:\es4\Final-20241122T182447Z-001\Final\source\impl_1\blue_heart_rom.vhd -lib work Z:\es4\Final-20241122T182447Z-001\Final\source\impl_1\red_heart_rom.vhd -lib work Z:\es4\Final-20241122T182447Z-001\Final\source\impl_1\blank_heart_rom.vhd -lib work Z:\es4\Final-20241122T182447Z-001\Final\source\impl_1\right_blank_rom.vhd -lib work Z:\es4\Final-20241122T182447Z-001\Final\source\impl_1\up_blank_rom.vhd -lib work Z:\es4\Final-20241122T182447Z-001\Final\source\impl_1\down_blank_rom.vhd -lib work Z:\es4\Final-20241122T182447Z-001\Final\source\impl_1\left_blank_rom.vhd -lib work Z:\es4\Final-20241122T182447Z-001\Final\source\impl_1\start_screen_rom.vhd -lib work Z:\es4\Final-20241122T182447Z-001\Final\source\impl_1\blank_helper.vhd -lib work Z:\es4\Final-20241122T182447Z-001\Final\source\impl_1\arrows_pkg.vhd -lib work Z:\es4\Final-20241122T182447Z-001\Final\source\impl_1\blank_helper2.vhd -lib work Z:\es4\Final-20241122T182447Z-001\Final\source\impl_1\heart_helper.vhd -lib work Z:\es4\Final-20241122T182447Z-001\Final\source\impl_1\states_pkg.vhd -lib work Z:\es4\Final-20241122T182447Z-001\Final\source\impl_1\red_win_rom.vhd -lib work Z:\es4\Final-20241122T182447Z-001\Final\source\impl_1\blue_win_rom.vhd -lib work Z:\es4\Final-20241122T182447Z-001\Final\source\impl_1\fullscreen_helper.vhd -lib work Z:\es4\Final-20241122T182447Z-001\Final\source\impl_1\arrow_selector.vhd -lib work Z:\es4\Final-20241122T182447Z-001\Final\source\impl_1\Blank_Arrow_Selector.vhd -lib work Z:\es4\Final-20241122T182447Z-001\Final\source\impl_1\heart_selector.vhd -lib work Z:\es4\Final-20241122T182447Z-001\Final\source\impl_1\pattern_gen.vhd -lib work Z:\es4\Final-20241122T182447Z-001\Final\source\impl_1\game.vhd -lib work Z:\es4\Final-20241122T182447Z-001\Final\source\impl_1\states.vhd -lib work Z:\es4\Final-20241122T182447Z-001\Final\source\impl_1\top.vhd  -verilog  -prodtype  synplify_pro  -primux -fixsmult -infer_seqShift -sdff_counter -nram -divnmod -nostructver  -lattice -ice   -I Z:\es4\Final-20241122T182447Z-001\Final  -I Z:\es4\Final-20241122T182447Z-001\Final\mypll  -I Z:\es4\Final-20241122T182447Z-001\Final\impl_1\  -I C:\lscc\radiant\2023.1\synpbase\lib   -v2001  -devicelib  C:\lscc\radiant\2023.1\synpbase\lib\generic\ice40up.v  -encrypt  -pro  -dmgen  Z:\es4\Final-20241122T182447Z-001\Final\impl_1\dm  -ui -fid2 -ram -sharing on -ll 2000 -autosm  -D_MULTIPLE_FILE_COMPILATION_UNIT_  -lib work C:\lscc\radiant\2023.1\ip\pmi\pmi_iCE40UP.v -lib work -fv2001 Z:\es4\Final-20241122T182447Z-001\Final\mypll\rtl\mypll.v  -jobname  "compiler" 
relcom:C:\lscc\radiant\2023.1\synpbase\bin64\c_hdl.exe -osyn ..\synwork\Final_impl_1_comp.srs -top top -hdllog ..\synlog\Final_impl_1_compiler.srr -encrypt -mp 4 -verification_mode 0 -vhdl -prodtype synplify_pro -primux -fixsmult -infer_seqShift -sdff_counter -nram -divnmod -nostructver -lattice -ice -encrypt -pro -dmgen ..\dm -lite -ui -fid2 -ram -sharing on -ll 2000 -autosm -vhdl2008 -work_is_curlib 0 -ignore_undefined_lib -lib pmi C:\lscc\radiant\2023.1\ip\pmi\pmi_iCE40UP.vhd -lib work ..\..\source\impl_1\NES_controller.vhd -lib work ..\..\source\impl_1\vga.vhd -lib work ..\..\source\impl_1\up_arrow_rom.vhd -lib work ..\..\source\impl_1\right_arrow_rom.vhd -lib work ..\..\source\impl_1\left_arrow_rom.vhd -lib work ..\..\source\impl_1\down_arrow_rom.vhd -lib work ..\..\source\impl_1\randomizer.vhd -lib work ..\..\source\impl_1\pattern_gen_helper.vhd -lib work ..\..\source\impl_1\pattern_gen_helper2.vhd -lib work ..\..\source\impl_1\blue_heart_rom.vhd -lib work ..\..\source\impl_1\red_heart_rom.vhd -lib work ..\..\source\impl_1\blank_heart_rom.vhd -lib work ..\..\source\impl_1\right_blank_rom.vhd -lib work ..\..\source\impl_1\up_blank_rom.vhd -lib work ..\..\source\impl_1\down_blank_rom.vhd -lib work ..\..\source\impl_1\left_blank_rom.vhd -lib work ..\..\source\impl_1\start_screen_rom.vhd -lib work ..\..\source\impl_1\blank_helper.vhd -lib work ..\..\source\impl_1\arrows_pkg.vhd -lib work ..\..\source\impl_1\blank_helper2.vhd -lib work ..\..\source\impl_1\heart_helper.vhd -lib work ..\..\source\impl_1\states_pkg.vhd -lib work ..\..\source\impl_1\red_win_rom.vhd -lib work ..\..\source\impl_1\blue_win_rom.vhd -lib work ..\..\source\impl_1\fullscreen_helper.vhd -lib work ..\..\source\impl_1\arrow_selector.vhd -lib work ..\..\source\impl_1\Blank_Arrow_Selector.vhd -lib work ..\..\source\impl_1\heart_selector.vhd -lib work ..\..\source\impl_1\pattern_gen.vhd -lib work ..\..\source\impl_1\game.vhd -lib work ..\..\source\impl_1\states.vhd -lib work ..\..\source\impl_1\top.vhd -verilog -prodtype synplify_pro -primux -fixsmult -infer_seqShift -sdff_counter -nram -divnmod -nostructver -lattice -ice -I ..\..\..\Final -I ..\..\mypll -I ..\ -I C:\lscc\radiant\2023.1\synpbase\lib -v2001 -devicelib C:\lscc\radiant\2023.1\synpbase\lib\generic\ice40up.v -encrypt -pro -dmgen ..\dm -ui -fid2 -ram -sharing on -ll 2000 -autosm -D_MULTIPLE_FILE_COMPILATION_UNIT_ -lib work C:\lscc\radiant\2023.1\ip\pmi\pmi_iCE40UP.v -lib work -fv2001 ..\..\mypll\rtl\mypll.v -jobname "compiler"
rc:0 success:1 runtime:12
file:..\synwork\final_impl_1_comp.srs|io:o|time:1733855773|size:62385|exec:0|csum:
file:..\synlog\final_impl_1_compiler.srr|io:o|time:1733855773|size:65266|exec:0|csum:
file:c:\lscc\radiant\2023.1\ip\pmi\pmi_ice40up.vhd|io:i|time:1648538958|size:17231|exec:0|csum:B4484439D4F130E2494777ACC3084671
file:..\..\source\impl_1\nes_controller.vhd|io:i|time:1732579564|size:1914|exec:0|csum:DE1535AC2D824377928286A807A963B7
file:..\..\source\impl_1\vga.vhd|io:i|time:1733804288|size:1817|exec:0|csum:2410C84C2184639EB293F6A21038B670
file:..\..\source\impl_1\up_arrow_rom.vhd|io:i|time:1733274973|size:13301|exec:0|csum:0680E0A84FE0A531F6AC648198F093C2
file:..\..\source\impl_1\right_arrow_rom.vhd|io:i|time:1733275409|size:13310|exec:0|csum:37CFCFC9BE8222BD6003AD923550E51D
file:..\..\source\impl_1\left_arrow_rom.vhd|io:i|time:1733275394|size:13307|exec:0|csum:0C87F97782E45425926AFF105C18A25A
file:..\..\source\impl_1\down_arrow_rom.vhd|io:i|time:1733275287|size:13307|exec:0|csum:914581337DC95674157E378742418C13
file:..\..\source\impl_1\randomizer.vhd|io:i|time:1733521300|size:1379|exec:0|csum:61426DCB0E8650437DE375B77F1B804B
file:..\..\source\impl_1\pattern_gen_helper.vhd|io:i|time:1733707844|size:1471|exec:0|csum:3B6AF749DB35CEEC69BF51C3053EC1EA
file:..\..\source\impl_1\pattern_gen_helper2.vhd|io:i|time:1733707861|size:1480|exec:0|csum:F19B3C8C7CD548C3410B5B11FFD77BF4
file:..\..\source\impl_1\blue_heart_rom.vhd|io:i|time:1733610532|size:13307|exec:0|csum:20A1F3917ED9C8C9F621CCF0E1C609D2
file:..\..\source\impl_1\red_heart_rom.vhd|io:i|time:1733610532|size:13304|exec:0|csum:CF76D4E94787A61A9CA3717C09563943
file:..\..\source\impl_1\blank_heart_rom.vhd|io:i|time:1733610532|size:13310|exec:0|csum:9297A4FCECD6853C98DB6C86A54AB0B6
file:..\..\source\impl_1\right_blank_rom.vhd|io:i|time:1733610532|size:13310|exec:0|csum:B39EE270B66C05E6D0DB48118FC17A65
file:..\..\source\impl_1\up_blank_rom.vhd|io:i|time:1733610532|size:13301|exec:0|csum:00EC361D67A52762D254B5DB628722A0
file:..\..\source\impl_1\down_blank_rom.vhd|io:i|time:1733610532|size:13307|exec:0|csum:DB69F7E01BB5B5DFAD21821207AFEA84
file:..\..\source\impl_1\left_blank_rom.vhd|io:i|time:1733610532|size:13307|exec:0|csum:06564C5DF2CDA52C6D475FC40B7BFDC2
file:..\..\source\impl_1\start_screen_rom.vhd|io:i|time:1733610533|size:115203|exec:0|csum:9D08D03D26F86B4FBA6CA6F77B899E8F
file:..\..\source\impl_1\blank_helper.vhd|io:i|time:1733697275|size:1491|exec:0|csum:7D6282DDEAB8F50B78A565FFAA428E97
file:..\..\source\impl_1\arrows_pkg.vhd|io:i|time:1733688489|size:281|exec:0|csum:8C23B33B977941C1A84FD521A13DDD5C
file:..\..\source\impl_1\blank_helper2.vhd|io:i|time:1733708186|size:1497|exec:0|csum:82633EEE17176DC4A07F378AEF0EB7B8
file:..\..\source\impl_1\heart_helper.vhd|io:i|time:1733727873|size:1454|exec:0|csum:4404EB1D36F2E0C27BC680A7A1B8A995
file:..\..\source\impl_1\states_pkg.vhd|io:i|time:1733852772|size:193|exec:0|csum:F3D61F774BA780012049EF345A39A279
file:..\..\source\impl_1\red_win_rom.vhd|io:i|time:1733798409|size:115188|exec:0|csum:2AEA23D959F1C3986B1B3156878F87D1
file:..\..\source\impl_1\blue_win_rom.vhd|io:i|time:1733798503|size:115191|exec:0|csum:E7E7934A6AE2A8495E2AB864F1E2C601
file:..\..\source\impl_1\fullscreen_helper.vhd|io:i|time:1733855749|size:1942|exec:0|csum:728CD15E3AFB6203A589DDF3BDB2ABDA
file:..\..\source\impl_1\arrow_selector.vhd|io:i|time:1733277405|size:2985|exec:0|csum:B094973CF1AA097FDE8F5820818A9371
file:..\..\source\impl_1\blank_arrow_selector.vhd|io:i|time:1733614302|size:3098|exec:0|csum:9AEF63300FE7F5CA3EB1C3A54DBABBF2
file:..\..\source\impl_1\heart_selector.vhd|io:i|time:1733728944|size:2703|exec:0|csum:0D276E05E883479FCAE8842CAD69013F
file:..\..\source\impl_1\pattern_gen.vhd|io:i|time:1733855724|size:13108|exec:0|csum:7649F2D203577BC6A27029BB471755FC
file:..\..\source\impl_1\game.vhd|io:i|time:1733851640|size:6914|exec:0|csum:A305765865F9F0203BCC09D972A69F30
file:..\..\source\impl_1\states.vhd|io:i|time:1733853127|size:2442|exec:0|csum:19BFCEA33CF340AA08C17178BBE167CC
file:..\..\source\impl_1\top.vhd|io:i|time:1733855713|size:5292|exec:0|csum:44CFC44A7C4DEDC9CBF9A9DC51EFFB5F
file:c:\lscc\radiant\2023.1\synpbase\lib\generic\ice40up.v|io:i|time:1685564443|size:26462|exec:0|csum:72B2E46EE2EB03A1019CFFB44E4E2628
file:c:\lscc\radiant\2023.1\ip\pmi\pmi_ice40up.v|io:i|time:1537835135|size:413|exec:0|csum:B58F1C803B5DCA172B31258BA35093C2
file:.\-fv2001|io:i|time:0|size:-1|exec:0|csum:
file:..\..\mypll\rtl\mypll.v|io:i|time:1732304279|size:9529|exec:0|csum:0BAA1418F33977D3415AD4ACBEC995C1
file:c:\lscc\radiant\2023.1\synpbase\bin64\c_hdl.exe|io:i|time:1685564425|size:7462400|exec:1|csum:8F99C9C5CFFCEDD3FCE66A8A74236AA9
