---------------------------------------
Resource Usage Report for top 

Mapping to part: ice40up5ksg48i-6
Cell usage:
CCU2_B          239 uses
FD1P3DZ         201 uses
FD1P3IZ         110 uses
HSOSC           1 use
INV             38 uses
PLL_B           1 use
VHI             28 uses
VLO             28 uses
LUT4            1097 uses

I/O ports: 13
I/O primitives: 13
IB             3 uses
OB             10 uses

I/O Register bits:                  0
Register bits not including I/Os:   311 of 5280 (5%)

@S |Mapping Summary:
Total  LUTs: 1097 (20%)

Distribution of All Consumed LUTs = LUT4 
Distribution of All Consumed LUTs 1097 = 1097 

