

@S |Clock Optimization Summary



#### START OF PREMAP CLOCK OPTIMIZATION REPORT #####[

1 non-gated/non-generated clock tree(s) driving 2 clock pin(s) of sequential element(s)
6 gated/generated clock tree(s) driving 335 clock pin(s) of sequential element(s)
0 instances converted, 335 sequential instances remain driven by gated/generated clocks

=========================================== Non-Gated/Non-Generated Clocks ===========================================
Clock Tree ID     Driving Element                   Drive Element Type     Fanout     Sample Instance                 
----------------------------------------------------------------------------------------------------------------------
@KP:ckid0_10      game1.my_randomizer.osc.CLKHF     HSOSC                  2          game1.my_randomizer.counter[1:0]
======================================================================================================================
=========================================================================== Gated/Generated Clocks ===========================================================================
Clock Tree ID     Driving Element                             Drive Element Type     Unconverted Fanout     Sample Instance                     Explanation                   
------------------------------------------------------------------------------------------------------------------------------------------------------------------------------
@KP:ckid0_0       controllerTwo.op_le\.un7_outclock.OUT       lt                     8                      controllerTwo.out_data[7:0]         Clock Optimization not enabled
@KP:ckid0_1       controllerTwo.clock.OUT                     and                    8                      controllerTwo.shift[7:0]            Clock Optimization not enabled
@KP:ckid0_6       pllinst.lscc_pll_inst.u_PLL_B.OUTGLOBAL     PLL_B                  300                    game1.arrow_enables[0:7]            Clock Optimization not enabled
@KP:ckid0_7       controllerOne.op_le\.un7_outclock.OUT       lt                     8                      controllerOne.out_data[7:0]         Clock Optimization not enabled
@KP:ckid0_8       controllerOne.clock.OUT                     and                    8                      controllerOne.shift[7:0]            Clock Optimization not enabled
@KP:ckid0_9       mypattern.op_or\.6\.result_2.OUT            or                     3                      mypattern.current_displaying[0]     Clock Optimization not enabled
==============================================================================================================================================================================


##### END OF CLOCK OPTIMIZATION REPORT ######

